Code/gradleBuild/outputs/logs/manifest-merger-release-report.txt
-- Merging decision tree log ---
manifest
ADDED from android\AndroidManifest.xml:18:1-74:12
	package
		ADDED from android\AndroidManifest.xml:19:5-34
	xmlns:android
		ADDED from android\AndroidManifest.xml:18:11-69
uses-permission#android.permission.CAMERA
ADDED from android\AndroidManifest.xml:21:5-65
	android:name
		ADDED from android\AndroidManifest.xml:21:22-62
uses-feature#android.hardware.camera
ADDED from android\AndroidManifest.xml:22:5-60
	android:name
		ADDED from android\AndroidManifest.xml:22:19-57
uses-feature#android.hardware.camera.autofocus
ADDED from android\AndroidManifest.xml:23:5-70
	android:name
		ADDED from android\AndroidManifest.xml:23:19-67
uses-permission#android.permission.WRITE_EXTERNAL_STORAGE
ADDED from android\AndroidManifest.xml:24:5-80
	android:name
		ADDED from android\AndroidManifest.xml:24:22-78
uses-permission#android.permission.RECORD_AUDIO
ADDED from android\AndroidManifest.xml:25:5-71
	android:name
		ADDED from android\AndroidManifest.xml:25:22-68
uses-sdk
ADDED from android\AndroidManifest.xml:27:5-29:41
	android:targetSdkVersion
		ADDED from android\AndroidManifest.xml:29:9-38
	android:minSdkVersion
		ADDED from android\AndroidManifest.xml:28:9-35
application
ADDED from android\AndroidManifest.xml:31:5-72:19
MERGED from [org.tensorflow:tensorflow-android:1.4.0] AndroidManifest.xml:5:5-6:19
	android:label
		ADDED from android\AndroidManifest.xml:33:9-41
	android:debuggable
		ADDED from android\AndroidManifest.xml:32:9-34
	android:allowBackup
		ADDED from android\AndroidManifest.xml:31:18-44
	android:icon
		ADDED from android\AndroidManifest.xml:34:9-45
	android:theme
		ADDED from android\AndroidManifest.xml:35:9-45
activity#org.tensorflow.demo.DetectorActivity
ADDED from android\AndroidManifest.xml:46:9-53:20
	android:screenOrientation
		ADDED from android\AndroidManifest.xml:47:19-55
	android:label
		ADDED from android\AndroidManifest.xml:48:19-66
	android:name
		ADDED from android\AndroidManifest.xml:46:19-70
intent-filter#android.intent.action.MAIN+android.intent.category.LAUNCHER
ADDED from android\AndroidManifest.xml:49:13-52:29
action#android.intent.action.MAIN
ADDED from android\AndroidManifest.xml:50:17-69
	android:name
		ADDED from android\AndroidManifest.xml:50:25-66
category#android.intent.category.LAUNCHER
ADDED from android\AndroidManifest.xml:51:17-77
	android:name
		ADDED from android\AndroidManifest.xml:51:27-74
uses-permission#android.permission.READ_PHONE_STATE
IMPLIED from android\AndroidManifest.xml:18:1-74:12 reason: tensorflow.contrib.android has a targetSdkVersion < 4
uses-permission#android.permission.READ_EXTERNAL_STORAGE
IMPLIED from android\AndroidManifest.xml:18:1-74:12 reason: tensorflow.contrib.android requested WRITE_EXTERNAL_STORAGE